<?xml version="1.0" encoding="UTF-8"?>
<testng-results skipped="0" failed="0" ignored="0" total="1" passed="1">
  <reporter-output>
  </reporter-output>
  <suite name="Default suite" duration-ms="24419" started-at="2020-08-27T04:24:15Z" finished-at="2020-08-27T04:24:40Z">
    <groups>
    </groups>
    <test name="Default test" duration-ms="24419" started-at="2020-08-27T04:24:15Z" finished-at="2020-08-27T04:24:40Z">
      <class name="com.stc.testProject.testProject.InvokeApp">
        <test-method status="PASS" signature="f()[pri:0, instance:com.stc.testProject.testProject.InvokeApp@4cc0edeb]" name="f" duration-ms="24367" started-at="2020-08-27T04:24:15Z" finished-at="2020-08-27T04:24:40Z">
          <reporter-output>
          </reporter-output>
        </test-method> <!-- f -->
      </class> <!-- com.stc.testProject.testProject.InvokeApp -->
    </test> <!-- Default test -->
  </suite> <!-- Default suite -->
</testng-results>
